⚡ sci-fuzz — Smart Contract Invariant Fuzzer

  project : /home/dok/BUGZ/cantina/sablier_2/flow
  depth   : 50
  timeout : 300s
  workers : 2
  seed    : 0

found project: /home/dok/BUGZ/cantina/sablier_2/flow
running forge build...
discovered 187 artifact(s)
selected 7 runtime fuzz target(s) + harness FlowEchidna
starting campaign...

[2m2026-04-06T19:32:16.195370Z[0m [33m WARN[0m [bootstrap] skipping target SablierFlow — deploy failed: deploy reverted: 0x
[2m2026-04-06T19:32:16.195379Z[0m [33m WARN[0m [bootstrap] deploy diagnostic:
[bootstrap] harness FlowEchidna (0x033bcc7C995ce7Cf7889BA498C5659F0CA540256) uses constructor-only setup (no setUp())
[campaign] bootstrap mode: LocalDeploy (7 target(s) after deploy/attach)
[campaign] setup: 1 deploy failure(s) recorded (see logs)
[campaign] synthesized 5 ABI-inferred invariant(s):
  ↳ SupplyIntegrityOracle for MockERC20_18 (0xa1c331e9363c8122f71161910b89bd9d258e48ca) — 1 mint, 0 burn selectors
  ↳ SupplyIntegrityOracle for MockERC20_6 (0xa4b2acd4a8acaf70bddc587ba81fc6b2387900b8) — 1 mint, 0 burn selectors
  ↳ AccessControlSlotOracle for FlowEchidna (0x033bcc7c995ce7cf7889ba498c5659f0ca540256)
  ↳ PauseStateOracle for FlowEchidna (0x033bcc7c995ce7cf7889ba498c5659f0ca540256)
  ↳ GetterStabilityOracle — monitoring 4 contracts for indirect state mutations
[campaign] target 0xD1f176B2a6780571094fBB18B02b39D8b8dEeC37 bytecode=2398 abi=true
[campaign] no echidna_* properties found in ABI for 0xD1f176B2a6780571094fBB18B02b39D8b8dEeC37
[campaign] target 0x37Bd04C5bBb8EA716507539BCc3415a1fB9eBa02 bytecode=44 abi=true
[campaign] no echidna_* properties found in ABI for 0x37Bd04C5bBb8EA716507539BCc3415a1fB9eBa02
[campaign] target 0xc5088fAEB236cB4e8296b71fe38e71e7fd749F94 bytecode=44 abi=true
[campaign] no echidna_* properties found in ABI for 0xc5088fAEB236cB4e8296b71fe38e71e7fd749F94
[campaign] target 0xA26c7979f32E95F8372B8d2E61D00FF4C90cF1e4 bytecode=44 abi=true
[campaign] no echidna_* properties found in ABI for 0xA26c7979f32E95F8372B8d2E61D00FF4C90cF1e4
[campaign] target 0xA1c331E9363C8122f71161910b89bD9d258e48ca bytecode=1997 abi=true
[campaign] no echidna_* properties found in ABI for 0xA1c331E9363C8122f71161910b89bD9d258e48ca
[campaign] target 0xA4b2aCD4A8aCaf70BDdc587ba81fc6b2387900B8 bytecode=1997 abi=true
[campaign] no echidna_* properties found in ABI for 0xA4b2aCD4A8aCaf70BDdc587ba81fc6b2387900B8
[campaign] target 0x033bcc7C995ce7Cf7889BA498C5659F0CA540256 bytecode=11590 abi=true
[campaign]   property: echidna_aggregate_eq_streams_plus_revenue (selector 0xbdb1419c)
[campaign]   property: echidna_balance_eq_refundable_plus_covered (selector 0xb8975377)
[campaign]   property: echidna_covered_lte_balance (selector 0xfa779058)
[campaign]   property: echidna_erc20_gte_aggregate (selector 0x6d51bb78)
[campaign]   property: echidna_insolvent_covered_eq_balance (selector 0x26d2c127)
[campaign]   property: echidna_paused_iff_rps_zero (selector 0xa01bda10)
[campaign]   property: echidna_snapshot_lte_now (selector 0x81c93db2)
[campaign]   property: echidna_solvent_covered_eq_total (selector 0xd4c7052a)
[campaign]   property: echidna_total_gte_covered (selector 0x7ee416bd)
[campaign]   property: echidna_voided_no_uncovered (selector 0x69cd5c0f)
[campaign] registered 10 echidna properties at 0x033bcc7C995ce7Cf7889BA498C5659F0CA540256
[campaign] 1 property callers built, 7 deployed targets
[2m2026-04-06T19:32:16.198371Z[0m [32m INFO[0m calibration phase started
[2m2026-04-06T19:32:16.200886Z[0m [32m INFO[0m calibration complete [3melapsed_ms[0m[2m=[0m2 [3mseeds[0m[2m=[0m56
[2m2026-04-06T19:32:16.201027Z[0m [32m INFO[0m parallel campaign started [3mtimeout_s[0m[2m=[0m300 [3mmax_depth[0m[2m=[0m50 [3mworkers[0m[2m=[0m2 [3mtargets[0m[2m=[0m7
[2m2026-04-06T19:37:20.018201Z[0m [32m INFO[0m parallel campaign finished [3mtotal_execs[0m[2m=[0m3477 [3melapsed_s[0m[2m=[0m303.8

────────────────────────────────────────────────────────────
  CAMPAIGN SUMMARY
────────────────────────────────────────────────────────────
  Duration      : 303.8s
  Executions    : 3477 (11 exec/s)
  Raw findings  : 25
  Unique bugs   : 2
  First hit at  : 307 execs
  First hit in  : 987ms

  🐛  Found 2 unique violation(s):

  ┌───────────────────────────────────────────────────────────
  │ [0] 🟠 HIGH
  │     Unexpected supply change on 0xa1c331e9363c8122f71161910b89bd9d258e48ca
  ├───────────────────────────────────────────────────────────
  │ Contract : 0xa1c331e9363c8122f71161910b89bd9d258e48ca
  │
  │ Token 0xa1c331e9363c8122f71161910b89bd9d258e48ca had storage writes without a known mint or burn selector being called.  The total supply may have been manipulated through an unconventional path.
  │
  │ Sequence : 1 tx(s)
  │   [0] 0x751ec64282197d1c7463760bcd394130e793752a → 0xa1c331e9363c8122f71161910b89bd9d258e48ca  sel=095ea7b3 value=0
  │
  │ Replay   : sci-fuzz replay --sequence <corpus_dir>/findings/0.json
  └───────────────────────────────────────────────────────────

  ┌───────────────────────────────────────────────────────────
  │ [1] 🟠 HIGH
  │     Unexpected supply change on 0xa4b2acd4a8acaf70bddc587ba81fc6b2387900b8
  ├───────────────────────────────────────────────────────────
  │ Contract : 0xa4b2acd4a8acaf70bddc587ba81fc6b2387900b8
  │
  │ Token 0xa4b2acd4a8acaf70bddc587ba81fc6b2387900b8 had storage writes without a known mint or burn selector being called.  The total supply may have been manipulated through an unconventional path.
  │
  │ Sequence : 1 tx(s)
  │   [0] 0xa4b2acd4a8acaf70bddc587ba81fc6b2387900b8 → 0xa4b2acd4a8acaf70bddc587ba81fc6b2387900b8  sel=095ea7b3 value=0
  │
  │ Replay   : sci-fuzz replay --sequence <corpus_dir>/findings/1.json
  └───────────────────────────────────────────────────────────

  ── Severity breakdown ──
    🟠 HIGH       : 2

